<?xml version="1.0" encoding="UTF-8"?>
<testsuite name="com.kodilla.spring.portfolio.BoardTestSuite" tests="1" skipped="0" failures="0" errors="0" timestamp="2018-10-18T16:38:20" hostname="Piotr-Komputer" time="0.033">
  <properties/>
  <testcase name="testTaskAdd" classname="com.kodilla.spring.portfolio.BoardTestSuite" time="0.033"/>
  <system-out><![CDATA[2018-10-18 18:38:20.104  INFO 7004 --- [    Test worker] s.c.a.AnnotationConfigApplicationContext : Refreshing org.springframework.context.annotation.AnnotationConfigApplicationContext@fb37c9d: startup date [Thu Oct 18 18:38:20 CEST 2018]; root of context hierarchy
TaskList {tasks = [Some task to do]}
TaskList {tasks = [Some done task]}
TaskList {tasks = [Tasks in progress]}
]]></system-out>
  <system-err><![CDATA[]]></system-err>
</testsuite>
