<?xml version="1.0" encoding="UTF-8"?>
<testsuite name="com.kodilla.testing.library.BookDirectoryTestSuite" tests="6" skipped="0" failures="0" errors="0"
           timestamp="2018-07-12T20:45:44" hostname="Piotr-Komputer" time="0.038">
    <properties/>
    <testcase name="testlistBooksInHandsOfZeroBooks" classname="com.kodilla.testing.library.BookDirectoryTestSuite"
              time="0.032"/>
    <testcase name="testlistBooksInHandsOf5books" classname="com.kodilla.testing.library.BookDirectoryTestSuite"
              time="0.001"/>
    <testcase name="testListBooksWithConditionFragmentShorterThan3"
              classname="com.kodilla.testing.library.BookDirectoryTestSuite" time="0.004"/>
    <testcase name="testListBooksWithConditionMoreThan20" classname="com.kodilla.testing.library.BookDirectoryTestSuite"
              time="0.001"/>
    <testcase name="testListBooksWithConditionsReturnList"
              classname="com.kodilla.testing.library.BookDirectoryTestSuite" time="0.0"/>
    <testcase name="testlistBooksInHandsOf1book" classname="com.kodilla.testing.library.BookDirectoryTestSuite"
              time="0.0"/>
    <system-out><![CDATA[]]></system-out>
    <system-err><![CDATA[]]></system-err>
</testsuite>
