<?xml version="1.0" encoding="UTF-8"?>
<testsuite name="com.kodilla.hibernate.task.dao.TaskDaoTestSuite" tests="2" skipped="0" failures="0" errors="0" timestamp="2018-10-18T16:33:20" hostname="Piotr-Komputer" time="0.364">
  <properties/>
  <testcase name="testTaskDaoFindByDuration" classname="com.kodilla.hibernate.task.dao.TaskDaoTestSuite" time="0.329"/>
  <testcase name="testTaskDaoSave" classname="com.kodilla.hibernate.task.dao.TaskDaoTestSuite" time="0.035"/>
  <system-out><![CDATA[2018-10-18 18:33:20.161  INFO 1176 --- [    Test worker] .b.t.c.SpringBootTestContextBootstrapper : Neither @ContextConfiguration nor @ContextHierarchy found for test class [com.kodilla.hibernate.task.dao.TaskDaoTestSuite], using SpringBootContextLoader
2018-10-18 18:33:20.162  INFO 1176 --- [    Test worker] o.s.t.c.support.AbstractContextLoader    : Could not detect default resource locations for test class [com.kodilla.hibernate.task.dao.TaskDaoTestSuite]: no resource found for suffixes {-context.xml, Context.groovy}.
2018-10-18 18:33:20.162  INFO 1176 --- [    Test worker] t.c.s.AnnotationConfigContextLoaderUtils : Could not detect default configuration classes for test class [com.kodilla.hibernate.task.dao.TaskDaoTestSuite]: TaskDaoTestSuite does not declare any static, non-private, non-final, nested classes annotated with @Configuration.
2018-10-18 18:33:20.181  INFO 1176 --- [    Test worker] .b.t.c.SpringBootTestContextBootstrapper : Found @SpringBootConfiguration com.kodilla.hibernate.KodillaHibernateApplication for test class com.kodilla.hibernate.task.dao.TaskDaoTestSuite
2018-10-18 18:33:20.183  INFO 1176 --- [    Test worker] .b.t.c.SpringBootTestContextBootstrapper : Loaded default TestExecutionListener class names from location [META-INF/spring.factories]: [org.springframework.boot.test.autoconfigure.restdocs.RestDocsTestExecutionListener, org.springframework.boot.test.autoconfigure.web.client.MockRestServiceServerResetTestExecutionListener, org.springframework.boot.test.autoconfigure.web.servlet.MockMvcPrintOnlyOnFailureTestExecutionListener, org.springframework.boot.test.autoconfigure.web.servlet.WebDriverTestExecutionListener, org.springframework.boot.test.mock.mockito.MockitoTestExecutionListener, org.springframework.boot.test.mock.mockito.ResetMocksTestExecutionListener, org.springframework.test.context.web.ServletTestExecutionListener, org.springframework.test.context.support.DirtiesContextBeforeModesTestExecutionListener, org.springframework.test.context.support.DependencyInjectionTestExecutionListener, org.springframework.test.context.support.DirtiesContextTestExecutionListener, org.springframework.test.context.transaction.TransactionalTestExecutionListener, org.springframework.test.context.jdbc.SqlScriptsTestExecutionListener]
2018-10-18 18:33:20.184  INFO 1176 --- [    Test worker] .b.t.c.SpringBootTestContextBootstrapper : Using TestExecutionListeners: [org.springframework.test.context.support.DirtiesContextBeforeModesTestExecutionListener@3ff50925, org.springframework.boot.test.mock.mockito.MockitoTestExecutionListener@447a9ee1, org.springframework.boot.test.autoconfigure.SpringBootDependencyInjectionTestExecutionListener@489ade91, org.springframework.test.context.support.DirtiesContextTestExecutionListener@430c2b51, org.springframework.test.context.transaction.TransactionalTestExecutionListener@54a7be34, org.springframework.test.context.jdbc.SqlScriptsTestExecutionListener@44baafd7, org.springframework.boot.test.autoconfigure.restdocs.RestDocsTestExecutionListener@5aca8f87, org.springframework.boot.test.autoconfigure.web.client.MockRestServiceServerResetTestExecutionListener@78be612c, org.springframework.boot.test.autoconfigure.web.servlet.MockMvcPrintOnlyOnFailureTestExecutionListener@11813611, org.springframework.boot.test.autoconfigure.web.servlet.WebDriverTestExecutionListener@54f7e1, org.springframework.boot.test.mock.mockito.ResetMocksTestExecutionListener@e6ce6db]
Hibernate: select next_val as id_val from hibernate_sequence for update
Hibernate: update hibernate_sequence set next_val= ? where next_val=?
Hibernate: insert into tasks (created, description, duration, task_financial_details_id, id) values (?, ?, ?, ?, ?)
2018-10-18 18:33:20.325  INFO 1176 --- [    Test worker] o.h.h.i.QueryTranslatorFactoryInitiator  : HHH000397: Using ASTQueryTranslatorFactory
Hibernate: select task0_.id as id1_1_, task0_.created as created2_1_, task0_.description as descript3_1_, task0_.duration as duration4_1_, task0_.task_financial_details_id as task_fin5_1_ from tasks task0_ where task0_.duration=?
Hibernate: select task0_.id as id1_1_0_, task0_.created as created2_1_0_, task0_.description as descript3_1_0_, task0_.duration as duration4_1_0_, task0_.task_financial_details_id as task_fin5_1_0_, taskfinanc1_.id as id1_2_1_, taskfinanc1_.paid as paid2_2_1_, taskfinanc1_.price as price3_2_1_ from tasks task0_ left outer join tasks_financials taskfinanc1_ on task0_.task_financial_details_id=taskfinanc1_.id where task0_.id=?
Hibernate: delete from tasks where id=?
Hibernate: select next_val as id_val from hibernate_sequence for update
Hibernate: update hibernate_sequence set next_val= ? where next_val=?
Hibernate: insert into tasks (created, description, duration, task_financial_details_id, id) values (?, ?, ?, ?, ?)
Hibernate: select task0_.id as id1_1_0_, task0_.created as created2_1_0_, task0_.description as descript3_1_0_, task0_.duration as duration4_1_0_, task0_.task_financial_details_id as task_fin5_1_0_, taskfinanc1_.id as id1_2_1_, taskfinanc1_.paid as paid2_2_1_, taskfinanc1_.price as price3_2_1_ from tasks task0_ left outer join tasks_financials taskfinanc1_ on task0_.task_financial_details_id=taskfinanc1_.id where task0_.id=?
Hibernate: select task0_.id as id1_1_0_, task0_.created as created2_1_0_, task0_.description as descript3_1_0_, task0_.duration as duration4_1_0_, task0_.task_financial_details_id as task_fin5_1_0_, taskfinanc1_.id as id1_2_1_, taskfinanc1_.paid as paid2_2_1_, taskfinanc1_.price as price3_2_1_ from tasks task0_ left outer join tasks_financials taskfinanc1_ on task0_.task_financial_details_id=taskfinanc1_.id where task0_.id=?
Hibernate: delete from tasks where id=?
]]></system-out>
  <system-err><![CDATA[]]></system-err>
</testsuite>
