<?xml version="1.0" encoding="UTF-8"?>
<testsuite name="com.kodilla.hibernate.task.dao.TaskFinancialDetailsDaoTestSuite" tests="1" skipped="0" failures="0" errors="0" timestamp="2018-10-18T16:33:20" hostname="Piotr-Komputer" time="0.038">
  <properties/>
  <testcase name="testFindByPaid" classname="com.kodilla.hibernate.task.dao.TaskFinancialDetailsDaoTestSuite" time="0.038"/>
  <system-out><![CDATA[2018-10-18 18:33:20.559  INFO 1176 --- [    Test worker] .b.t.c.SpringBootTestContextBootstrapper : Neither @ContextConfiguration nor @ContextHierarchy found for test class [com.kodilla.hibernate.task.dao.TaskFinancialDetailsDaoTestSuite], using SpringBootContextLoader
2018-10-18 18:33:20.560  INFO 1176 --- [    Test worker] o.s.t.c.support.AbstractContextLoader    : Could not detect default resource locations for test class [com.kodilla.hibernate.task.dao.TaskFinancialDetailsDaoTestSuite]: no resource found for suffixes {-context.xml, Context.groovy}.
2018-10-18 18:33:20.560  INFO 1176 --- [    Test worker] t.c.s.AnnotationConfigContextLoaderUtils : Could not detect default configuration classes for test class [com.kodilla.hibernate.task.dao.TaskFinancialDetailsDaoTestSuite]: TaskFinancialDetailsDaoTestSuite does not declare any static, non-private, non-final, nested classes annotated with @Configuration.
2018-10-18 18:33:20.562  INFO 1176 --- [    Test worker] .b.t.c.SpringBootTestContextBootstrapper : Found @SpringBootConfiguration com.kodilla.hibernate.KodillaHibernateApplication for test class com.kodilla.hibernate.task.dao.TaskFinancialDetailsDaoTestSuite
2018-10-18 18:33:20.563  INFO 1176 --- [    Test worker] .b.t.c.SpringBootTestContextBootstrapper : Loaded default TestExecutionListener class names from location [META-INF/spring.factories]: [org.springframework.boot.test.autoconfigure.restdocs.RestDocsTestExecutionListener, org.springframework.boot.test.autoconfigure.web.client.MockRestServiceServerResetTestExecutionListener, org.springframework.boot.test.autoconfigure.web.servlet.MockMvcPrintOnlyOnFailureTestExecutionListener, org.springframework.boot.test.autoconfigure.web.servlet.WebDriverTestExecutionListener, org.springframework.boot.test.mock.mockito.MockitoTestExecutionListener, org.springframework.boot.test.mock.mockito.ResetMocksTestExecutionListener, org.springframework.test.context.web.ServletTestExecutionListener, org.springframework.test.context.support.DirtiesContextBeforeModesTestExecutionListener, org.springframework.test.context.support.DependencyInjectionTestExecutionListener, org.springframework.test.context.support.DirtiesContextTestExecutionListener, org.springframework.test.context.transaction.TransactionalTestExecutionListener, org.springframework.test.context.jdbc.SqlScriptsTestExecutionListener]
2018-10-18 18:33:20.564  INFO 1176 --- [    Test worker] .b.t.c.SpringBootTestContextBootstrapper : Using TestExecutionListeners: [org.springframework.test.context.support.DirtiesContextBeforeModesTestExecutionListener@1df6b7c2, org.springframework.boot.test.mock.mockito.MockitoTestExecutionListener@2fb303d8, org.springframework.boot.test.autoconfigure.SpringBootDependencyInjectionTestExecutionListener@2928cfac, org.springframework.test.context.support.DirtiesContextTestExecutionListener@6b015aae, org.springframework.test.context.transaction.TransactionalTestExecutionListener@43e1a8ab, org.springframework.test.context.jdbc.SqlScriptsTestExecutionListener@74fbcecc, org.springframework.boot.test.autoconfigure.restdocs.RestDocsTestExecutionListener@1bc12a50, org.springframework.boot.test.autoconfigure.web.client.MockRestServiceServerResetTestExecutionListener@7af4c7ac, org.springframework.boot.test.autoconfigure.web.servlet.MockMvcPrintOnlyOnFailureTestExecutionListener@341e9ca9, org.springframework.boot.test.autoconfigure.web.servlet.WebDriverTestExecutionListener@1eb9b948, org.springframework.boot.test.mock.mockito.ResetMocksTestExecutionListener@cb88365]
Hibernate: select next_val as id_val from hibernate_sequence for update
Hibernate: update hibernate_sequence set next_val= ? where next_val=?
Hibernate: insert into tasks_financials (paid, price, id) values (?, ?, ?)
Hibernate: select taskfinanc0_.id as id1_2_, taskfinanc0_.paid as paid2_2_, taskfinanc0_.price as price3_2_ from tasks_financials taskfinanc0_ where taskfinanc0_.paid=?
Hibernate: select taskfinanc0_.id as id1_2_0_, taskfinanc0_.paid as paid2_2_0_, taskfinanc0_.price as price3_2_0_ from tasks_financials taskfinanc0_ where taskfinanc0_.id=?
Hibernate: delete from tasks_financials where id=?
]]></system-out>
  <system-err><![CDATA[]]></system-err>
</testsuite>
