<?xml version="1.0" encoding="UTF-8"?>
<testsuite name="com.kodilla.patterns.factory.TaskFactoryTestSuite" tests="3" skipped="0" failures="0" errors="0" timestamp="2018-10-18T16:33:23" hostname="Piotr-Komputer" time="0.002">
  <properties/>
  <testcase name="testFactoryPainting" classname="com.kodilla.patterns.factory.TaskFactoryTestSuite" time="0.001"/>
  <testcase name="testFactoryDriving" classname="com.kodilla.patterns.factory.TaskFactoryTestSuite" time="0.001"/>
  <testcase name="testFactoryShopping" classname="com.kodilla.patterns.factory.TaskFactoryTestSuite" time="0.0"/>
  <system-out><![CDATA[]]></system-out>
  <system-err><![CDATA[]]></system-err>
</testsuite>
