<?xml version="1.0" encoding="UTF-8"?>
<testsuite name="com.kodilla.patterns.builder.bigmac.BigmacTestSuite" tests="1" skipped="0" failures="0" errors="0" timestamp="2018-10-18T16:33:23" hostname="Piotr-Komputer" time="0.004">
  <properties/>
  <testcase name="testPizzaNew" classname="com.kodilla.patterns.builder.bigmac.BigmacTestSuite" time="0.004"/>
  <system-out><![CDATA[Bigmac {bun = Standard bun', burgers = 2, sauce = Spicy', ingredients = [Red onion, Tomato, Fresh salad, Pickle]}
]]></system-out>
  <system-err><![CDATA[]]></system-err>
</testsuite>
